2026-06-19 12:43:54.378  WARN 10504 --- [HikariPool-1 housekeeper] com.zaxxer.hikari.pool.HikariPool        : HikariPool-1 - Thread starvation or clock leap detected (housekeeper delta=16h39m2s613ms573µs400ns).
2026-06-19 12:44:54.290  WARN 10504 --- [HikariPool-1 housekeeper] com.zaxxer.hikari.pool.HikariPool        : HikariPool-1 - Thread starvation or clock leap detected (housekeeper delta=59s911ms550µs).
2026-06-19 14:14:47.384  INFO 10504 --- [SpringContextShutdownHook] o.s.s.c.ThreadPoolTaskScheduler          : Shutting down ExecutorService 'taskScheduler'
2026-06-19 14:14:47.461  INFO 10504 --- [SpringContextShutdownHook] o.s.s.concurrent.ThreadPoolTaskExecutor  : Shutting down ExecutorService 'applicationTaskExecutor'
2026-06-19 14:14:47.512  INFO 10504 --- [SpringContextShutdownHook] j.LocalContainerEntityManagerFactoryBean : Closing JPA EntityManagerFactory for persistence unit 'default'
2026-06-19 14:14:47.720  INFO 10504 --- [SpringContextShutdownHook] com.zaxxer.hikari.HikariDataSource       : HikariPool-1 - Shutdown initiated...
2026-06-19 14:14:59.618  INFO 10504 --- [SpringContextShutdownHook] com.zaxxer.hikari.HikariDataSource       : HikariPool-1 - Shutdown completed.
2026-06-19 14:27:59.777  INFO 11960 --- [main] com.ihwthms.base.BaseApplication         : Starting BaseApplication on DESKTOP-A170MA8 with PID 11960 (C:\Users\dell\IdeaProjects\ihwtrepo\target\classes started by dell in C:\Users\dell\IdeaProjects\ihwtrepo)
2026-06-19 14:28:00.017 DEBUG 11960 --- [main] com.ihwthms.base.BaseApplication         : Running with Spring Boot v2.2.1.RELEASE, Spring v5.2.1.RELEASE
2026-06-19 14:28:00.021  INFO 11960 --- [main] com.ihwthms.base.BaseApplication         : No active profile set, falling back to default profiles: default
2026-06-19 14:28:02.132  WARN 11960 --- [background-preinit] o.s.h.c.j.Jackson2ObjectMapperBuilder    : For Jackson Kotlin classes support please add "com.fasterxml.jackson.module:jackson-module-kotlin" to the classpath
2026-06-19 14:28:07.136  INFO 11960 --- [main] .s.d.r.c.RepositoryConfigurationDelegate : Bootstrapping Spring Data repositories in DEFAULT mode.
2026-06-19 14:28:07.483  INFO 11960 --- [main] .s.d.r.c.RepositoryConfigurationDelegate : Finished Spring Data repository scanning in 324ms. Found 10 repository interfaces.
2026-06-19 14:28:08.894  INFO 11960 --- [main] trationDelegate$BeanPostProcessorChecker : Bean 'org.springframework.transaction.annotation.ProxyTransactionManagementConfiguration' of type [org.springframework.transaction.annotation.ProxyTransactionManagementConfiguration] is not eligible for getting processed by all BeanPostProcessors (for example: not eligible for auto-proxying)
2026-06-19 14:28:10.165  INFO 11960 --- [main] o.s.b.w.embedded.tomcat.TomcatWebServer  : Tomcat initialized with port(s): 8083 (http)
2026-06-19 14:28:10.181  INFO 11960 --- [main] o.apache.catalina.core.StandardService   : Starting service [Tomcat]
2026-06-19 14:28:10.181  INFO 11960 --- [main] org.apache.catalina.core.StandardEngine  : Starting Servlet engine: [Apache Tomcat/9.0.27]
2026-06-19 14:28:17.240  INFO 11960 --- [main] org.apache.jasper.servlet.TldScanner     : At least one JAR was scanned for TLDs yet contained no TLDs. Enable debug logging for this logger for a complete list of JARs that were scanned but no TLDs were found in them. Skipping unneeded JARs during scanning can improve startup time and JSP compilation time.
2026-06-19 14:28:17.264  INFO 11960 --- [main] o.a.c.c.C.[Tomcat].[localhost].[/ihwt]   : Initializing Spring embedded WebApplicationContext
2026-06-19 14:28:17.264  INFO 11960 --- [main] o.s.web.context.ContextLoader            : Root WebApplicationContext: initialization completed in 17091 ms
2026-06-19 14:28:17.790  INFO 11960 --- [main] o.hibernate.jpa.internal.util.LogHelper  : HHH000204: Processing PersistenceUnitInfo [name: default]
2026-06-19 14:28:17.921  INFO 11960 --- [main] org.hibernate.Version                    : HHH000412: Hibernate ORM core version 5.4.12.Final
2026-06-19 14:28:18.242  INFO 11960 --- [main] o.hibernate.annotations.common.Version   : HCANN000001: Hibernate Commons Annotations {5.1.0.Final}
2026-06-19 14:28:18.507  INFO 11960 --- [main] com.zaxxer.hikari.HikariDataSource       : HikariPool-1 - Starting...
2026-06-19 14:28:18.910  INFO 11960 --- [main] com.zaxxer.hikari.HikariDataSource       : HikariPool-1 - Start completed.
2026-06-19 14:28:18.936  INFO 11960 --- [main] org.hibernate.dialect.Dialect            : HHH000400: Using dialect: org.hibernate.dialect.MySQL8Dialect
2026-06-19 14:28:22.522  INFO 11960 --- [main] o.h.e.t.j.p.i.JtaPlatformInitiator       : HHH000490: Using JtaPlatform implementation: [org.hibernate.engine.transaction.jta.platform.internal.NoJtaPlatform]
2026-06-19 14:28:22.534  INFO 11960 --- [main] j.LocalContainerEntityManagerFactoryBean : Initialized JPA EntityManagerFactory for persistence unit 'default'
2026-06-19 14:28:24.406  WARN 11960 --- [main] JpaBaseConfiguration$JpaWebConfiguration : spring.jpa.open-in-view is enabled by default. Therefore, database queries may be performed during view rendering. Explicitly configure spring.jpa.open-in-view to disable this warning
2026-06-19 14:28:26.922  INFO 11960 --- [main] o.s.s.web.DefaultSecurityFilterChain     : Creating filter chain: any request, [org.springframework.security.web.context.request.async.WebAsyncManagerIntegrationFilter@45b2d17b, org.springframework.security.web.context.SecurityContextPersistenceFilter@5b0d480c, org.springframework.security.web.header.HeaderWriterFilter@549debdb, org.springframework.security.web.authentication.logout.LogoutFilter@35630ee8, org.springframework.security.web.authentication.UsernamePasswordAuthenticationFilter@2053b761, org.springframework.security.web.savedrequest.RequestCacheAwareFilter@6689bf04, org.springframework.security.web.servletapi.SecurityContextHolderAwareRequestFilter@6f071d0c, org.springframework.security.web.authentication.AnonymousAuthenticationFilter@5243d730, org.springframework.security.web.session.SessionManagementFilter@5ab06829, org.springframework.security.web.access.ExceptionTranslationFilter@19bbb216, org.springframework.security.web.access.intercept.FilterSecurityInterceptor@37dc7661]
2026-06-19 14:28:27.418  INFO 11960 --- [main] o.s.s.concurrent.ThreadPoolTaskExecutor  : Initializing ExecutorService 'applicationTaskExecutor'
2026-06-19 14:28:28.047  INFO 11960 --- [main] o.s.s.c.ThreadPoolTaskScheduler          : Initializing ExecutorService 'taskScheduler'
2026-06-19 14:28:28.356  INFO 11960 --- [main] o.s.b.w.embedded.tomcat.TomcatWebServer  : Tomcat started on port(s): 8083 (http) with context path '/ihwt'
2026-06-19 14:28:28.360  INFO 11960 --- [main] com.ihwthms.base.BaseApplication         : Started BaseApplication in 43.817 seconds (JVM running for 50.64)
2026-06-19 14:28:28.702  INFO 11960 --- [http-nio-8083-exec-1] o.a.c.c.C.[Tomcat].[localhost].[/ihwt]   : Initializing Spring DispatcherServlet 'dispatcherServlet'
2026-06-19 14:28:28.703  INFO 11960 --- [http-nio-8083-exec-1] o.s.web.servlet.DispatcherServlet        : Initializing Servlet 'dispatcherServlet'
2026-06-19 14:28:28.715  INFO 11960 --- [http-nio-8083-exec-1] o.s.web.servlet.DispatcherServlet        : Completed initialization in 12 ms
2026-06-19 15:01:25.765  INFO 11960 --- [SpringContextShutdownHook] o.s.s.c.ThreadPoolTaskScheduler          : Shutting down ExecutorService 'taskScheduler'
2026-06-19 15:01:25.772  INFO 11960 --- [SpringContextShutdownHook] o.s.s.concurrent.ThreadPoolTaskExecutor  : Shutting down ExecutorService 'applicationTaskExecutor'
2026-06-19 15:01:25.785  INFO 11960 --- [SpringContextShutdownHook] j.LocalContainerEntityManagerFactoryBean : Closing JPA EntityManagerFactory for persistence unit 'default'
2026-06-19 15:01:25.793  INFO 11960 --- [SpringContextShutdownHook] com.zaxxer.hikari.HikariDataSource       : HikariPool-1 - Shutdown initiated...
2026-06-19 15:01:25.803  INFO 11960 --- [SpringContextShutdownHook] com.zaxxer.hikari.HikariDataSource       : HikariPool-1 - Shutdown completed.
2026-06-19 15:01:52.875  INFO 22992 --- [main] com.ihwthms.base.BaseApplication         : Starting BaseApplication on DESKTOP-A170MA8 with PID 22992 (C:\Users\dell\IdeaProjects\ihwtrepo\target\classes started by dell in C:\Users\dell\IdeaProjects\ihwtrepo)
2026-06-19 15:01:52.877 DEBUG 22992 --- [main] com.ihwthms.base.BaseApplication         : Running with Spring Boot v2.2.1.RELEASE, Spring v5.2.1.RELEASE
2026-06-19 15:01:52.877  INFO 22992 --- [main] com.ihwthms.base.BaseApplication         : No active profile set, falling back to default profiles: default
2026-06-19 15:01:52.917  WARN 22992 --- [background-preinit] o.s.h.c.j.Jackson2ObjectMapperBuilder    : For Jackson Kotlin classes support please add "com.fasterxml.jackson.module:jackson-module-kotlin" to the classpath
2026-06-19 15:01:54.386  INFO 22992 --- [main] .s.d.r.c.RepositoryConfigurationDelegate : Bootstrapping Spring Data repositories in DEFAULT mode.
2026-06-19 15:01:54.557  INFO 22992 --- [main] .s.d.r.c.RepositoryConfigurationDelegate : Finished Spring Data repository scanning in 157ms. Found 10 repository interfaces.
2026-06-19 15:01:55.384  INFO 22992 --- [main] trationDelegate$BeanPostProcessorChecker : Bean 'org.springframework.transaction.annotation.ProxyTransactionManagementConfiguration' of type [org.springframework.transaction.annotation.ProxyTransactionManagementConfiguration] is not eligible for getting processed by all BeanPostProcessors (for example: not eligible for auto-proxying)
2026-06-19 15:01:55.974  INFO 22992 --- [main] o.s.b.w.embedded.tomcat.TomcatWebServer  : Tomcat initialized with port(s): 8083 (http)
2026-06-19 15:01:55.993  INFO 22992 --- [main] o.apache.catalina.core.StandardService   : Starting service [Tomcat]
2026-06-19 15:01:55.994  INFO 22992 --- [main] org.apache.catalina.core.StandardEngine  : Starting Servlet engine: [Apache Tomcat/9.0.27]
2026-06-19 15:01:56.692  INFO 22992 --- [main] org.apache.jasper.servlet.TldScanner     : At least one JAR was scanned for TLDs yet contained no TLDs. Enable debug logging for this logger for a complete list of JARs that were scanned but no TLDs were found in them. Skipping unneeded JARs during scanning can improve startup time and JSP compilation time.
2026-06-19 15:01:56.714  INFO 22992 --- [main] o.a.c.c.C.[Tomcat].[localhost].[/ihwt]   : Initializing Spring embedded WebApplicationContext
2026-06-19 15:01:56.717  INFO 22992 --- [main] o.s.web.context.ContextLoader            : Root WebApplicationContext: initialization completed in 3690 ms
2026-06-19 15:01:57.060  INFO 22992 --- [main] o.hibernate.jpa.internal.util.LogHelper  : HHH000204: Processing PersistenceUnitInfo [name: default]
2026-06-19 15:01:57.222  INFO 22992 --- [main] org.hibernate.Version                    : HHH000412: Hibernate ORM core version 5.4.12.Final
2026-06-19 15:01:57.542  INFO 22992 --- [main] o.hibernate.annotations.common.Version   : HCANN000001: Hibernate Commons Annotations {5.1.0.Final}
2026-06-19 15:01:57.737  INFO 22992 --- [main] com.zaxxer.hikari.HikariDataSource       : HikariPool-1 - Starting...
2026-06-19 15:01:58.042  INFO 22992 --- [main] com.zaxxer.hikari.HikariDataSource       : HikariPool-1 - Start completed.
2026-06-19 15:01:58.085  INFO 22992 --- [main] org.hibernate.dialect.Dialect            : HHH000400: Using dialect: org.hibernate.dialect.MySQL8Dialect
2026-06-19 15:02:00.008  INFO 22992 --- [main] o.h.e.t.j.p.i.JtaPlatformInitiator       : HHH000490: Using JtaPlatform implementation: [org.hibernate.engine.transaction.jta.platform.internal.NoJtaPlatform]
2026-06-19 15:02:00.020  INFO 22992 --- [main] j.LocalContainerEntityManagerFactoryBean : Initialized JPA EntityManagerFactory for persistence unit 'default'
2026-06-19 15:02:00.757  WARN 22992 --- [main] JpaBaseConfiguration$JpaWebConfiguration : spring.jpa.open-in-view is enabled by default. Therefore, database queries may be performed during view rendering. Explicitly configure spring.jpa.open-in-view to disable this warning
2026-06-19 15:02:01.356  INFO 22992 --- [main] o.s.s.web.DefaultSecurityFilterChain     : Creating filter chain: any request, [org.springframework.security.web.context.request.async.WebAsyncManagerIntegrationFilter@391b03b, org.springframework.security.web.context.SecurityContextPersistenceFilter@642d971f, org.springframework.security.web.header.HeaderWriterFilter@6e80de85, org.springframework.security.web.authentication.logout.LogoutFilter@23eb6d13, org.springframework.security.web.authentication.UsernamePasswordAuthenticationFilter@6fe77a97, org.springframework.security.web.savedrequest.RequestCacheAwareFilter@49c6ee4a, org.springframework.security.web.servletapi.SecurityContextHolderAwareRequestFilter@2e03bb74, org.springframework.security.web.authentication.AnonymousAuthenticationFilter@4a977146, org.springframework.security.web.session.SessionManagementFilter@21084a6d, org.springframework.security.web.access.ExceptionTranslationFilter@548c5127, org.springframework.security.web.access.intercept.FilterSecurityInterceptor@3c862522]
2026-06-19 15:02:01.541  INFO 22992 --- [main] o.s.s.concurrent.ThreadPoolTaskExecutor  : Initializing ExecutorService 'applicationTaskExecutor'
2026-06-19 15:02:01.927  INFO 22992 --- [main] o.s.s.c.ThreadPoolTaskScheduler          : Initializing ExecutorService 'taskScheduler'
2026-06-19 15:02:02.042  INFO 22992 --- [main] o.s.b.w.embedded.tomcat.TomcatWebServer  : Tomcat started on port(s): 8083 (http) with context path '/ihwt'
2026-06-19 15:02:02.044  INFO 22992 --- [main] com.ihwthms.base.BaseApplication         : Started BaseApplication in 10.053 seconds (JVM running for 10.945)
2026-06-19 15:02:08.649  INFO 22992 --- [http-nio-8083-exec-1] o.a.c.c.C.[Tomcat].[localhost].[/ihwt]   : Initializing Spring DispatcherServlet 'dispatcherServlet'
2026-06-19 15:02:08.649  INFO 22992 --- [http-nio-8083-exec-1] o.s.web.servlet.DispatcherServlet        : Initializing Servlet 'dispatcherServlet'
2026-06-19 15:02:08.655  INFO 22992 --- [http-nio-8083-exec-1] o.s.web.servlet.DispatcherServlet        : Completed initialization in 6 ms
2026-06-19 15:03:50.222  INFO 22992 --- [SpringContextShutdownHook] o.s.s.c.ThreadPoolTaskScheduler          : Shutting down ExecutorService 'taskScheduler'
2026-06-19 15:03:50.224  INFO 22992 --- [SpringContextShutdownHook] o.s.s.concurrent.ThreadPoolTaskExecutor  : Shutting down ExecutorService 'applicationTaskExecutor'
2026-06-19 15:03:50.231  INFO 22992 --- [SpringContextShutdownHook] j.LocalContainerEntityManagerFactoryBean : Closing JPA EntityManagerFactory for persistence unit 'default'
2026-06-19 15:03:50.236  INFO 22992 --- [SpringContextShutdownHook] com.zaxxer.hikari.HikariDataSource       : HikariPool-1 - Shutdown initiated...
2026-06-19 15:03:50.257  INFO 22992 --- [SpringContextShutdownHook] com.zaxxer.hikari.HikariDataSource       : HikariPool-1 - Shutdown completed.
2026-06-19 15:03:56.000  INFO 12060 --- [main] com.ihwthms.base.BaseApplication         : Starting BaseApplication on DESKTOP-A170MA8 with PID 12060 (C:\Users\dell\IdeaProjects\ihwtrepo\target\classes started by dell in C:\Users\dell\IdeaProjects\ihwtrepo)
2026-06-19 15:03:56.002 DEBUG 12060 --- [main] com.ihwthms.base.BaseApplication         : Running with Spring Boot v2.2.1.RELEASE, Spring v5.2.1.RELEASE
2026-06-19 15:03:56.003  INFO 12060 --- [main] com.ihwthms.base.BaseApplication         : No active profile set, falling back to default profiles: default
2026-06-19 15:03:56.231  WARN 12060 --- [background-preinit] o.s.h.c.j.Jackson2ObjectMapperBuilder    : For Jackson Kotlin classes support please add "com.fasterxml.jackson.module:jackson-module-kotlin" to the classpath
2026-06-19 15:03:57.448  INFO 12060 --- [main] .s.d.r.c.RepositoryConfigurationDelegate : Bootstrapping Spring Data repositories in DEFAULT mode.
2026-06-19 15:03:57.724  INFO 12060 --- [main] .s.d.r.c.RepositoryConfigurationDelegate : Finished Spring Data repository scanning in 259ms. Found 10 repository interfaces.
2026-06-19 15:03:58.966  INFO 12060 --- [main] trationDelegate$BeanPostProcessorChecker : Bean 'org.springframework.transaction.annotation.ProxyTransactionManagementConfiguration' of type [org.springframework.transaction.annotation.ProxyTransactionManagementConfiguration] is not eligible for getting processed by all BeanPostProcessors (for example: not eligible for auto-proxying)
2026-06-19 15:03:59.808  INFO 12060 --- [main] o.s.b.w.embedded.tomcat.TomcatWebServer  : Tomcat initialized with port(s): 8083 (http)
2026-06-19 15:03:59.834  INFO 12060 --- [main] o.apache.catalina.core.StandardService   : Starting service [Tomcat]
2026-06-19 15:03:59.835  INFO 12060 --- [main] org.apache.catalina.core.StandardEngine  : Starting Servlet engine: [Apache Tomcat/9.0.27]
2026-06-19 15:04:01.398  INFO 12060 --- [main] org.apache.jasper.servlet.TldScanner     : At least one JAR was scanned for TLDs yet contained no TLDs. Enable debug logging for this logger for a complete list of JARs that were scanned but no TLDs were found in them. Skipping unneeded JARs during scanning can improve startup time and JSP compilation time.
2026-06-19 15:04:01.414  INFO 12060 --- [main] o.a.c.c.C.[Tomcat].[localhost].[/ihwt]   : Initializing Spring embedded WebApplicationContext
2026-06-19 15:04:01.417  INFO 12060 --- [main] o.s.web.context.ContextLoader            : Root WebApplicationContext: initialization completed in 5230 ms
2026-06-19 15:04:01.736  INFO 12060 --- [main] o.hibernate.jpa.internal.util.LogHelper  : HHH000204: Processing PersistenceUnitInfo [name: default]
2026-06-19 15:04:01.859  INFO 12060 --- [main] org.hibernate.Version                    : HHH000412: Hibernate ORM core version 5.4.12.Final
2026-06-19 15:04:02.123  INFO 12060 --- [main] o.hibernate.annotations.common.Version   : HCANN000001: Hibernate Commons Annotations {5.1.0.Final}
2026-06-19 15:04:02.300  INFO 12060 --- [main] com.zaxxer.hikari.HikariDataSource       : HikariPool-1 - Starting...
2026-06-19 15:04:02.616  INFO 12060 --- [main] com.zaxxer.hikari.HikariDataSource       : HikariPool-1 - Start completed.
2026-06-19 15:04:02.643  INFO 12060 --- [main] org.hibernate.dialect.Dialect            : HHH000400: Using dialect: org.hibernate.dialect.MySQL8Dialect
2026-06-19 15:04:04.442  INFO 12060 --- [main] o.h.e.t.j.p.i.JtaPlatformInitiator       : HHH000490: Using JtaPlatform implementation: [org.hibernate.engine.transaction.jta.platform.internal.NoJtaPlatform]
2026-06-19 15:04:04.454  INFO 12060 --- [main] j.LocalContainerEntityManagerFactoryBean : Initialized JPA EntityManagerFactory for persistence unit 'default'
2026-06-19 15:04:05.229  WARN 12060 --- [main] JpaBaseConfiguration$JpaWebConfiguration : spring.jpa.open-in-view is enabled by default. Therefore, database queries may be performed during view rendering. Explicitly configure spring.jpa.open-in-view to disable this warning
2026-06-19 15:04:06.046  INFO 12060 --- [main] o.s.s.web.DefaultSecurityFilterChain     : Creating filter chain: any request, [org.springframework.security.web.context.request.async.WebAsyncManagerIntegrationFilter@5542418c, org.springframework.security.web.context.SecurityContextPersistenceFilter@45e9db77, org.springframework.security.web.header.HeaderWriterFilter@f348e10, org.springframework.security.web.authentication.logout.LogoutFilter@a1e578f, org.springframework.security.web.authentication.UsernamePasswordAuthenticationFilter@6b468710, org.springframework.security.web.savedrequest.RequestCacheAwareFilter@7e69bf78, org.springframework.security.web.servletapi.SecurityContextHolderAwareRequestFilter@750b200b, org.springframework.security.web.authentication.AnonymousAuthenticationFilter@705eb026, org.springframework.security.web.session.SessionManagementFilter@64cec4d0, org.springframework.security.web.access.ExceptionTranslationFilter@4f629aa4, org.springframework.security.web.access.intercept.FilterSecurityInterceptor@590336ed]
2026-06-19 15:04:06.315  INFO 12060 --- [main] o.s.s.concurrent.ThreadPoolTaskExecutor  : Initializing ExecutorService 'applicationTaskExecutor'
2026-06-19 15:04:06.867  INFO 12060 --- [main] o.s.s.c.ThreadPoolTaskScheduler          : Initializing ExecutorService 'taskScheduler'
2026-06-19 15:04:07.025  INFO 12060 --- [main] o.s.b.w.embedded.tomcat.TomcatWebServer  : Tomcat started on port(s): 8083 (http) with context path '/ihwt'
2026-06-19 15:04:07.029  INFO 12060 --- [main] com.ihwthms.base.BaseApplication         : Started BaseApplication in 11.891 seconds (JVM running for 12.691)
2026-06-19 15:04:09.799  INFO 12060 --- [http-nio-8083-exec-1] o.a.c.c.C.[Tomcat].[localhost].[/ihwt]   : Initializing Spring DispatcherServlet 'dispatcherServlet'
2026-06-19 15:04:09.800  INFO 12060 --- [http-nio-8083-exec-1] o.s.web.servlet.DispatcherServlet        : Initializing Servlet 'dispatcherServlet'
2026-06-19 15:04:09.813  INFO 12060 --- [http-nio-8083-exec-1] o.s.web.servlet.DispatcherServlet        : Completed initialization in 13 ms
